Build started 12/9/2015 12:57:56 AM.
     1>Project "C:\Users\Awesome\Downloads\OpenGL3DTemplate_19080\OpenGL3DTemplate\DarkNight.vcxproj" on node 2 (Build target(s)).
     1>ClCompile:
         C:\Program Files (x86)\Microsoft Visual Studio 14.0\VC\bin\CL.exe /c /IC:\Users\Awesome\Downloads\OpenGL3DTemplate_19080\OpenGL3DTemplate\Debug\\.. /ZI /nologo /W3 /WX- /Od /Oy- /D WIN32 /D _DEBUG /D _CONSOLE /D _UNICODE /D UNICODE /Gm /EHsc /RTC1 /MDd /GS /fp:precise /Zc:wchar_t /Zc:forScope /Zc:inline /Fo"Debug\\" /Fd"Debug\vc140.pdb" /Gd /TP /analyze- /errorReport:prompt Camera.cpp DarkNight.cpp Vector3f.cpp
         Vector3f.cpp
     1>c:\users\awesome\downloads\opengl3dtemplate_19080\opengl3dtemplate\vector3f.cpp(30): warning C4244: 'argument': conversion from 'double' to 'float', possible loss of data
         DarkNight.cpp
     1>c:\users\awesome\downloads\opengl3dtemplate_19080\opengl3dtemplate\darknight.cpp(32): warning C4838: conversion from 'double' to 'GLfloat' requires a narrowing conversion
     1>c:\users\awesome\downloads\opengl3dtemplate_19080\opengl3dtemplate\darknight.cpp(33): warning C4838: conversion from 'double' to 'GLfloat' requires a narrowing conversion
         Camera.cpp
         Generating Code...
       Link:
         C:\Program Files (x86)\Microsoft Visual Studio 14.0\VC\bin\link.exe /ERRORREPORT:PROMPT /OUT:"C:\Users\Awesome\Downloads\OpenGL3DTemplate_19080\OpenGL3DTemplate\Debug\DarkNight.exe" /INCREMENTAL:NO /NOLOGO /LIBPATH:C:\Users\Awesome\Downloads\OpenGL3DTemplate_19080\OpenGL3DTemplate\Debug\\.. glut32.lib kernel32.lib user32.lib gdi32.lib winspool.lib comdlg32.lib advapi32.lib shell32.lib ole32.lib oleaut32.lib uuid.lib odbc32.lib odbccp32.lib /MANIFEST /MANIFESTUAC:"level='asInvoker' uiAccess='false'" /manifest:embed /Debug /PDB:"C:\Users\Awesome\Downloads\OpenGL3DTemplate_19080\OpenGL3DTemplate\Debug\DarkNight.pdb" /SUBSYSTEM:CONSOLE /TLBID:1 /DYNAMICBASE /NXCOMPAT /IMPLIB:"C:\Users\Awesome\Downloads\OpenGL3DTemplate_19080\OpenGL3DTemplate\Debug\DarkNight.lib" /MACHINE:X86 Debug\Camera.obj
         Debug\DarkNight.obj
         Debug\Vector3f.obj
     1>Camera.obj : warning LNK4075: ignoring '/EDITANDCONTINUE' due to '/OPT:LBR' specification
         DarkNight.vcxproj -> C:\Users\Awesome\Downloads\OpenGL3DTemplate_19080\OpenGL3DTemplate\Debug\DarkNight.exe
     1>Done Building Project "C:\Users\Awesome\Downloads\OpenGL3DTemplate_19080\OpenGL3DTemplate\DarkNight.vcxproj" (Build target(s)).

Build succeeded.

Time Elapsed 00:00:00.81
